<?xml version="1.0" encoding="UTF-8"?>
<!-- Generated by org.testng.reporters.JUnitReportReporter -->
<testsuite hostname="LR9WL4N-THINK" name="test1.Test2" tests="2" failures="0" timestamp="17 Jan 2018 10:37:51 GMT" time="0.020" errors="0">
  <testcase name="test1" time="0.018" classname="test1.Test2"/>
  <testcase name="tes" time="0.002" classname="test1.Test2"/>
</testsuite> <!-- test1.Test2 -->
