<?xml version="1.0" encoding="UTF-8"?>
<!-- Generated by org.testng.reporters.JUnitReportReporter -->
<testsuite hostname="LR9WL4N-THINK" name="test.Test1" tests="1" failures="0" timestamp="17 Jan 2018 10:34:50 GMT" time="0.018" errors="0">
  <testcase name="test1" time="0.018" classname="test.Test1"/>
</testsuite> <!-- test.Test1 -->
